-------------------------------------------------------------------------------
Test set: com.hellomart.test.service.AccountServiceTest
-------------------------------------------------------------------------------
Tests run: 4, Failures: 0, Errors: 4, Skipped: 0, Time elapsed: 0 sec <<< FAILURE! - in com.hellomart.test.service.AccountServiceTest
getInfoTest(com.hellomart.test.service.AccountServiceTest)  Time elapsed: 0 sec  <<< ERROR!
org.mybatis.spring.MyBatisSystemException: 
nested exception is org.apache.ibatis.exceptions.PersistenceException: 
### Error updating database.  Cause: org.springframework.jdbc.CannotGetJdbcConnectionException: Could not get JDBC Connection; nested exception is java.sql.SQLException: Access denied for user 'master'@'localhost' (using password: YES)
### Cause: org.springframework.jdbc.CannotGetJdbcConnectionException: Could not get JDBC Connection; nested exception is java.sql.SQLException: Access denied for user 'master'@'localhost' (using password: YES)
	at com.hellomart.test.service.AccountServiceTest.before(AccountServiceTest.java:53)
Caused by: org.apache.ibatis.exceptions.PersistenceException: 

### Error updating database.  Cause: org.springframework.jdbc.CannotGetJdbcConnectionException: Could not get JDBC Connection; nested exception is java.sql.SQLException: Access denied for user 'master'@'localhost' (using password: YES)
### Cause: org.springframework.jdbc.CannotGetJdbcConnectionException: Could not get JDBC Connection; nested exception is java.sql.SQLException: Access denied for user 'master'@'localhost' (using password: YES)
	at com.hellomart.test.service.AccountServiceTest.before(AccountServiceTest.java:53)
Caused by: org.springframework.jdbc.CannotGetJdbcConnectionException: Could not get JDBC Connection; nested exception is java.sql.SQLException: Access denied for user 'master'@'localhost' (using password: YES)
	at com.hellomart.test.service.AccountServiceTest.before(AccountServiceTest.java:53)
Caused by: java.sql.SQLException: Access denied for user 'master'@'localhost' (using password: YES)
	at com.hellomart.test.service.AccountServiceTest.before(AccountServiceTest.java:53)

getInfoTest(com.hellomart.test.service.AccountServiceTest)  Time elapsed: 0 sec  <<< ERROR!
org.mybatis.spring.MyBatisSystemException: 
nested exception is org.apache.ibatis.exceptions.PersistenceException: 
### Error updating database.  Cause: org.springframework.jdbc.CannotGetJdbcConnectionException: Could not get JDBC Connection; nested exception is java.sql.SQLException: Access denied for user 'master'@'localhost' (using password: YES)
### Cause: org.springframework.jdbc.CannotGetJdbcConnectionException: Could not get JDBC Connection; nested exception is java.sql.SQLException: Access denied for user 'master'@'localhost' (using password: YES)
	at com.hellomart.test.service.AccountServiceTest.after(AccountServiceTest.java:58)
Caused by: org.apache.ibatis.exceptions.PersistenceException: 

### Error updating database.  Cause: org.springframework.jdbc.CannotGetJdbcConnectionException: Could not get JDBC Connection; nested exception is java.sql.SQLException: Access denied for user 'master'@'localhost' (using password: YES)
### Cause: org.springframework.jdbc.CannotGetJdbcConnectionException: Could not get JDBC Connection; nested exception is java.sql.SQLException: Access denied for user 'master'@'localhost' (using password: YES)
	at com.hellomart.test.service.AccountServiceTest.after(AccountServiceTest.java:58)
Caused by: org.springframework.jdbc.CannotGetJdbcConnectionException: Could not get JDBC Connection; nested exception is java.sql.SQLException: Access denied for user 'master'@'localhost' (using password: YES)
	at com.hellomart.test.service.AccountServiceTest.after(AccountServiceTest.java:58)
Caused by: java.sql.SQLException: Access denied for user 'master'@'localhost' (using password: YES)
	at com.hellomart.test.service.AccountServiceTest.after(AccountServiceTest.java:58)

methodTest(com.hellomart.test.service.AccountServiceTest)  Time elapsed: 0 sec  <<< ERROR!
org.mybatis.spring.MyBatisSystemException: 
nested exception is org.apache.ibatis.exceptions.PersistenceException: 
### Error updating database.  Cause: org.springframework.jdbc.CannotGetJdbcConnectionException: Could not get JDBC Connection; nested exception is java.sql.SQLException: Access denied for user 'master'@'localhost' (using password: YES)
### Cause: org.springframework.jdbc.CannotGetJdbcConnectionException: Could not get JDBC Connection; nested exception is java.sql.SQLException: Access denied for user 'master'@'localhost' (using password: YES)
	at com.hellomart.test.service.AccountServiceTest.before(AccountServiceTest.java:53)
Caused by: org.apache.ibatis.exceptions.PersistenceException: 

### Error updating database.  Cause: org.springframework.jdbc.CannotGetJdbcConnectionException: Could not get JDBC Connection; nested exception is java.sql.SQLException: Access denied for user 'master'@'localhost' (using password: YES)
### Cause: org.springframework.jdbc.CannotGetJdbcConnectionException: Could not get JDBC Connection; nested exception is java.sql.SQLException: Access denied for user 'master'@'localhost' (using password: YES)
	at com.hellomart.test.service.AccountServiceTest.before(AccountServiceTest.java:53)
Caused by: org.springframework.jdbc.CannotGetJdbcConnectionException: Could not get JDBC Connection; nested exception is java.sql.SQLException: Access denied for user 'master'@'localhost' (using password: YES)
	at com.hellomart.test.service.AccountServiceTest.before(AccountServiceTest.java:53)
Caused by: java.sql.SQLException: Access denied for user 'master'@'localhost' (using password: YES)
	at com.hellomart.test.service.AccountServiceTest.before(AccountServiceTest.java:53)

methodTest(com.hellomart.test.service.AccountServiceTest)  Time elapsed: 0 sec  <<< ERROR!
org.mybatis.spring.MyBatisSystemException: 
nested exception is org.apache.ibatis.exceptions.PersistenceException: 
### Error updating database.  Cause: org.springframework.jdbc.CannotGetJdbcConnectionException: Could not get JDBC Connection; nested exception is java.sql.SQLException: Access denied for user 'master'@'localhost' (using password: YES)
### Cause: org.springframework.jdbc.CannotGetJdbcConnectionException: Could not get JDBC Connection; nested exception is java.sql.SQLException: Access denied for user 'master'@'localhost' (using password: YES)
	at com.hellomart.test.service.AccountServiceTest.after(AccountServiceTest.java:58)
Caused by: org.apache.ibatis.exceptions.PersistenceException: 

### Error updating database.  Cause: org.springframework.jdbc.CannotGetJdbcConnectionException: Could not get JDBC Connection; nested exception is java.sql.SQLException: Access denied for user 'master'@'localhost' (using password: YES)
### Cause: org.springframework.jdbc.CannotGetJdbcConnectionException: Could not get JDBC Connection; nested exception is java.sql.SQLException: Access denied for user 'master'@'localhost' (using password: YES)
	at com.hellomart.test.service.AccountServiceTest.after(AccountServiceTest.java:58)
Caused by: org.springframework.jdbc.CannotGetJdbcConnectionException: Could not get JDBC Connection; nested exception is java.sql.SQLException: Access denied for user 'master'@'localhost' (using password: YES)
	at com.hellomart.test.service.AccountServiceTest.after(AccountServiceTest.java:58)
Caused by: java.sql.SQLException: Access denied for user 'master'@'localhost' (using password: YES)
	at com.hellomart.test.service.AccountServiceTest.after(AccountServiceTest.java:58)

