-------------------------------------------------------------------------------
Test set: com.hellomart.test.service.AccountServiceTest
-------------------------------------------------------------------------------
Tests run: 1, Failures: 0, Errors: 1, Skipped: 0, Time elapsed: 0.024 sec <<< FAILURE! - in com.hellomart.test.service.AccountServiceTest
methodTest(com.hellomart.test.service.AccountServiceTest)  Time elapsed: 0 sec  <<< ERROR!
java.lang.IllegalStateException: Failed to load ApplicationContext
Caused by: org.springframework.beans.factory.BeanCreationException: Error creating bean with name 'sqlSessionFactory' defined in URL [file:src/main/webapp/WEB-INF/spring/root-context.xml]: Invocation of init method failed; nested exception is org.springframework.core.NestedIOException: Failed to parse mapping resource: 'file [C:\Users\ITWILL\git\HelloMart\HelloMart\target\classes\mapper\cartMapper.xml]'; nested exception is org.apache.ibatis.builder.BuilderException: Error creating document instance.  Cause: org.xml.sax.SAXParseException; lineNumber: 3; columnNumber: 26; 문서 루트 요소 "mapper"은(는) DOCTYPE 루트 "null"과(와) 일치해야 합니다.
Caused by: org.springframework.core.NestedIOException: Failed to parse mapping resource: 'file [C:\Users\ITWILL\git\HelloMart\HelloMart\target\classes\mapper\cartMapper.xml]'; nested exception is org.apache.ibatis.builder.BuilderException: Error creating document instance.  Cause: org.xml.sax.SAXParseException; lineNumber: 3; columnNumber: 26; 문서 루트 요소 "mapper"은(는) DOCTYPE 루트 "null"과(와) 일치해야 합니다.
Caused by: org.apache.ibatis.builder.BuilderException: Error creating document instance.  Cause: org.xml.sax.SAXParseException; lineNumber: 3; columnNumber: 26; 문서 루트 요소 "mapper"은(는) DOCTYPE 루트 "null"과(와) 일치해야 합니다.
Caused by: org.xml.sax.SAXParseException: 문서 루트 요소 "mapper"은(는) DOCTYPE 루트 "null"과(와) 일치해야 합니다.

