-------------------------------------------------------------------------------
Test set: com.hellomart.test.service.AccountServiceTest
-------------------------------------------------------------------------------
Tests run: 4, Failures: 0, Errors: 4, Skipped: 0, Time elapsed: 0.001 sec <<< FAILURE! - in com.hellomart.test.service.AccountServiceTest
getInfoTest(com.hellomart.test.service.AccountServiceTest)  Time elapsed: 0.001 sec  <<< ERROR!
org.springframework.jdbc.BadSqlGrammarException: 

### Error updating database.  Cause: java.sql.SQLSyntaxErrorException: Cannot truncate a table referenced in a foreign key constraint (`hellomart`.`cartlist`, CONSTRAINT `cl_id_fk` FOREIGN KEY (`Id`) REFERENCES `hellomart`.`account` (`ID`))
### The error may involve defaultParameterMap
### The error occurred while setting parameters
### SQL: TRUNCATE Account
### Cause: java.sql.SQLSyntaxErrorException: Cannot truncate a table referenced in a foreign key constraint (`hellomart`.`cartlist`, CONSTRAINT `cl_id_fk` FOREIGN KEY (`Id`) REFERENCES `hellomart`.`account` (`ID`))
; bad SQL grammar []; nested exception is java.sql.SQLSyntaxErrorException: Cannot truncate a table referenced in a foreign key constraint (`hellomart`.`cartlist`, CONSTRAINT `cl_id_fk` FOREIGN KEY (`Id`) REFERENCES `hellomart`.`account` (`ID`))
	at com.hellomart.test.service.AccountServiceTest.before(AccountServiceTest.java:53)
Caused by: java.sql.SQLSyntaxErrorException: Cannot truncate a table referenced in a foreign key constraint (`hellomart`.`cartlist`, CONSTRAINT `cl_id_fk` FOREIGN KEY (`Id`) REFERENCES `hellomart`.`account` (`ID`))
	at com.hellomart.test.service.AccountServiceTest.before(AccountServiceTest.java:53)

getInfoTest(com.hellomart.test.service.AccountServiceTest)  Time elapsed: 0.001 sec  <<< ERROR!
org.springframework.jdbc.BadSqlGrammarException: 

### Error updating database.  Cause: java.sql.SQLSyntaxErrorException: Cannot truncate a table referenced in a foreign key constraint (`hellomart`.`cartlist`, CONSTRAINT `cl_id_fk` FOREIGN KEY (`Id`) REFERENCES `hellomart`.`account` (`ID`))
### The error may involve defaultParameterMap
### The error occurred while setting parameters
### SQL: TRUNCATE Account
### Cause: java.sql.SQLSyntaxErrorException: Cannot truncate a table referenced in a foreign key constraint (`hellomart`.`cartlist`, CONSTRAINT `cl_id_fk` FOREIGN KEY (`Id`) REFERENCES `hellomart`.`account` (`ID`))
; bad SQL grammar []; nested exception is java.sql.SQLSyntaxErrorException: Cannot truncate a table referenced in a foreign key constraint (`hellomart`.`cartlist`, CONSTRAINT `cl_id_fk` FOREIGN KEY (`Id`) REFERENCES `hellomart`.`account` (`ID`))
	at com.hellomart.test.service.AccountServiceTest.after(AccountServiceTest.java:58)
Caused by: java.sql.SQLSyntaxErrorException: Cannot truncate a table referenced in a foreign key constraint (`hellomart`.`cartlist`, CONSTRAINT `cl_id_fk` FOREIGN KEY (`Id`) REFERENCES `hellomart`.`account` (`ID`))
	at com.hellomart.test.service.AccountServiceTest.after(AccountServiceTest.java:58)

methodTest(com.hellomart.test.service.AccountServiceTest)  Time elapsed: 0 sec  <<< ERROR!
org.springframework.jdbc.BadSqlGrammarException: 

### Error updating database.  Cause: java.sql.SQLSyntaxErrorException: Cannot truncate a table referenced in a foreign key constraint (`hellomart`.`cartlist`, CONSTRAINT `cl_id_fk` FOREIGN KEY (`Id`) REFERENCES `hellomart`.`account` (`ID`))
### The error may involve defaultParameterMap
### The error occurred while setting parameters
### SQL: TRUNCATE Account
### Cause: java.sql.SQLSyntaxErrorException: Cannot truncate a table referenced in a foreign key constraint (`hellomart`.`cartlist`, CONSTRAINT `cl_id_fk` FOREIGN KEY (`Id`) REFERENCES `hellomart`.`account` (`ID`))
; bad SQL grammar []; nested exception is java.sql.SQLSyntaxErrorException: Cannot truncate a table referenced in a foreign key constraint (`hellomart`.`cartlist`, CONSTRAINT `cl_id_fk` FOREIGN KEY (`Id`) REFERENCES `hellomart`.`account` (`ID`))
	at com.hellomart.test.service.AccountServiceTest.before(AccountServiceTest.java:53)
Caused by: java.sql.SQLSyntaxErrorException: Cannot truncate a table referenced in a foreign key constraint (`hellomart`.`cartlist`, CONSTRAINT `cl_id_fk` FOREIGN KEY (`Id`) REFERENCES `hellomart`.`account` (`ID`))
	at com.hellomart.test.service.AccountServiceTest.before(AccountServiceTest.java:53)

methodTest(com.hellomart.test.service.AccountServiceTest)  Time elapsed: 0 sec  <<< ERROR!
org.springframework.jdbc.BadSqlGrammarException: 

### Error updating database.  Cause: java.sql.SQLSyntaxErrorException: Cannot truncate a table referenced in a foreign key constraint (`hellomart`.`cartlist`, CONSTRAINT `cl_id_fk` FOREIGN KEY (`Id`) REFERENCES `hellomart`.`account` (`ID`))
### The error may involve defaultParameterMap
### The error occurred while setting parameters
### SQL: TRUNCATE Account
### Cause: java.sql.SQLSyntaxErrorException: Cannot truncate a table referenced in a foreign key constraint (`hellomart`.`cartlist`, CONSTRAINT `cl_id_fk` FOREIGN KEY (`Id`) REFERENCES `hellomart`.`account` (`ID`))
; bad SQL grammar []; nested exception is java.sql.SQLSyntaxErrorException: Cannot truncate a table referenced in a foreign key constraint (`hellomart`.`cartlist`, CONSTRAINT `cl_id_fk` FOREIGN KEY (`Id`) REFERENCES `hellomart`.`account` (`ID`))
	at com.hellomart.test.service.AccountServiceTest.after(AccountServiceTest.java:58)
Caused by: java.sql.SQLSyntaxErrorException: Cannot truncate a table referenced in a foreign key constraint (`hellomart`.`cartlist`, CONSTRAINT `cl_id_fk` FOREIGN KEY (`Id`) REFERENCES `hellomart`.`account` (`ID`))
	at com.hellomart.test.service.AccountServiceTest.after(AccountServiceTest.java:58)

