-------------------------------------------------------------------------------
Test set: com.helloart.test.dao.AccountDaoTest
-------------------------------------------------------------------------------
Tests run: 1, Failures: 0, Errors: 1, Skipped: 0, Time elapsed: 1.155 sec <<< FAILURE! - in com.helloart.test.dao.AccountDaoTest
methodTest(com.helloart.test.dao.AccountDaoTest)  Time elapsed: 0.2 sec  <<< ERROR!
org.mybatis.spring.MyBatisSystemException: 
nested exception is org.apache.ibatis.exceptions.PersistenceException: 
### Error updating database.  Cause: org.springframework.jdbc.CannotGetJdbcConnectionException: Could not get JDBC Connection; nested exception is java.sql.SQLException: Access denied for user 'master'@'localhost' (using password: YES)
### Cause: org.springframework.jdbc.CannotGetJdbcConnectionException: Could not get JDBC Connection; nested exception is java.sql.SQLException: Access denied for user 'master'@'localhost' (using password: YES)
	at com.helloart.test.dao.AccountDaoTest.before(AccountDaoTest.java:49)
Caused by: org.apache.ibatis.exceptions.PersistenceException: 

### Error updating database.  Cause: org.springframework.jdbc.CannotGetJdbcConnectionException: Could not get JDBC Connection; nested exception is java.sql.SQLException: Access denied for user 'master'@'localhost' (using password: YES)
### Cause: org.springframework.jdbc.CannotGetJdbcConnectionException: Could not get JDBC Connection; nested exception is java.sql.SQLException: Access denied for user 'master'@'localhost' (using password: YES)
	at com.helloart.test.dao.AccountDaoTest.before(AccountDaoTest.java:49)
Caused by: org.springframework.jdbc.CannotGetJdbcConnectionException: Could not get JDBC Connection; nested exception is java.sql.SQLException: Access denied for user 'master'@'localhost' (using password: YES)
	at com.helloart.test.dao.AccountDaoTest.before(AccountDaoTest.java:49)
Caused by: java.sql.SQLException: Access denied for user 'master'@'localhost' (using password: YES)
	at com.helloart.test.dao.AccountDaoTest.before(AccountDaoTest.java:49)

