-------------------------------------------------------------------------------
Test set: com.helloart.test.dao.AccountDaoTest
-------------------------------------------------------------------------------
Tests run: 1, Failures: 0, Errors: 1, Skipped: 0, Time elapsed: 0.973 sec <<< FAILURE! - in com.helloart.test.dao.AccountDaoTest
methodTest(com.helloart.test.dao.AccountDaoTest)  Time elapsed: 0.27 sec  <<< ERROR!
org.springframework.jdbc.BadSqlGrammarException: 

### Error updating database.  Cause: java.sql.SQLSyntaxErrorException: Cannot truncate a table referenced in a foreign key constraint (`hellomart`.`cartlist`, CONSTRAINT `cl_id_fk` FOREIGN KEY (`Id`) REFERENCES `hellomart`.`account` (`ID`))
### The error may involve defaultParameterMap
### The error occurred while setting parameters
### SQL: TRUNCATE Account
### Cause: java.sql.SQLSyntaxErrorException: Cannot truncate a table referenced in a foreign key constraint (`hellomart`.`cartlist`, CONSTRAINT `cl_id_fk` FOREIGN KEY (`Id`) REFERENCES `hellomart`.`account` (`ID`))
; bad SQL grammar []; nested exception is java.sql.SQLSyntaxErrorException: Cannot truncate a table referenced in a foreign key constraint (`hellomart`.`cartlist`, CONSTRAINT `cl_id_fk` FOREIGN KEY (`Id`) REFERENCES `hellomart`.`account` (`ID`))
	at com.helloart.test.dao.AccountDaoTest.before(AccountDaoTest.java:49)
Caused by: java.sql.SQLSyntaxErrorException: Cannot truncate a table referenced in a foreign key constraint (`hellomart`.`cartlist`, CONSTRAINT `cl_id_fk` FOREIGN KEY (`Id`) REFERENCES `hellomart`.`account` (`ID`))
	at com.helloart.test.dao.AccountDaoTest.before(AccountDaoTest.java:49)

