-------------------------------------------------------------------------------
Test set: com.helloart.test.dao.AccountDaoTest
-------------------------------------------------------------------------------
Tests run: 1, Failures: 0, Errors: 1, Skipped: 0, Time elapsed: 0.847 sec <<< FAILURE! - in com.helloart.test.dao.AccountDaoTest
methodTest(com.helloart.test.dao.AccountDaoTest)  Time elapsed: 0.009 sec  <<< ERROR!
java.lang.IllegalStateException: Failed to load ApplicationContext
Caused by: org.springframework.beans.factory.BeanCreationException: 
Error creating bean with name 'sqlSessionFactory' defined in URL [file:src/main/webapp/WEB-INF/spring/root-context.xml]: Invocation of init method failed; nested exception is java.lang.Error: Unresolved compilation problems: 
	Syntax error on tokens, delete these tokens
	Syntax error on tokens, delete these tokens
	Invalid character constant
	Syntax error on tokens, delete these tokens
	HEAD cannot be resolved to a type
	Return type for the method is missing
	Duplicate method historylist(String) in type HistoryDAO
	Duplicate method reviewCheck(String, String) in type HistoryDAO
	Duplicate method historyDatelist(String, String, String) in type HistoryDAO
	Syntax error on tokens, delete these tokens
	Duplicate method historyDatelist(String, String, String) in type HistoryDAO
	Duplicate method historylist(String) in type HistoryDAO
	Duplicate method reviewCheck(String, String) in type HistoryDAO
	Syntax error, insert ";" to complete MethodDeclaration
	Syntax error, insert "}" to complete InterfaceBody
	of cannot be resolved to a type

Caused by: java.lang.Error: 
Unresolved compilation problems: 
	Syntax error on tokens, delete these tokens
	Syntax error on tokens, delete these tokens
	Invalid character constant
	Syntax error on tokens, delete these tokens
	HEAD cannot be resolved to a type
	Return type for the method is missing
	Duplicate method historylist(String) in type HistoryDAO
	Duplicate method reviewCheck(String, String) in type HistoryDAO
	Duplicate method historyDatelist(String, String, String) in type HistoryDAO
	Syntax error on tokens, delete these tokens
	Duplicate method historyDatelist(String, String, String) in type HistoryDAO
	Duplicate method historylist(String) in type HistoryDAO
	Duplicate method reviewCheck(String, String) in type HistoryDAO
	Syntax error, insert ";" to complete MethodDeclaration
	Syntax error, insert "}" to complete InterfaceBody
	of cannot be resolved to a type


